  Draw.cpp
C:\Program Files (x86)\Windows Kits\10\Include\10.0.22621.0\shared\minwindef.h(130,1): warning C4005: 'APIENTRY': macro redefinition
C:\Users\nianl\OneDrive\Documenten\.windesheim\ComputerGrafics\opengl\MyfirstOpenGL\FirstProject\dependecies\OPENGL\include\GLFW\glfw3.h(123): message : see previous definition of 'APIENTRY'
  FileHandler.cpp
  indexBuffer.cpp
  Main.cpp
C:\Program Files (x86)\Windows Kits\10\Include\10.0.22621.0\shared\minwindef.h(130,1): warning C4005: 'APIENTRY': macro redefinition
C:\Users\nianl\OneDrive\Documenten\.windesheim\ComputerGrafics\opengl\MyfirstOpenGL\FirstProject\dependecies\OPENGL\include\GLFW\glfw3.h(123): message : see previous definition of 'APIENTRY'
C:\Users\nianl\OneDrive\Documenten\.windesheim\ComputerGrafics\opengl\MyfirstOpenGL\FirstProject\FirstProject\Main.cpp(232,29): warning C4305: 'argument': truncation from 'double' to 'GLfloat'
C:\Users\nianl\OneDrive\Documenten\.windesheim\ComputerGrafics\opengl\MyfirstOpenGL\FirstProject\FirstProject\Main.cpp(243,17): warning C4244: 'initializing': conversion from 'double' to 'float', possible loss of data
C:\Users\nianl\OneDrive\Documenten\.windesheim\ComputerGrafics\opengl\MyfirstOpenGL\FirstProject\FirstProject\Main.cpp(280,49): warning C4129: 'T': unrecognized character escape sequence
C:\Users\nianl\OneDrive\Documenten\.windesheim\ComputerGrafics\opengl\MyfirstOpenGL\FirstProject\FirstProject\Main.cpp(280,49): warning C4129: 'F': unrecognized character escape sequence
  VertexArray.cpp
  vertexBuffer.cpp
  VertexBufferLayout.cpp
soil2-debug.lib(SOIL2.obj) : warning LNK4075: ignoring '/EDITANDCONTINUE' due to '/OPT:ICF' specification
LINK : warning LNK4098: defaultlib 'LIBCMT' conflicts with use of other libs; use /NODEFAULTLIB:library
LINK : warning LNK4098: defaultlib 'MSVCRTD' conflicts with use of other libs; use /NODEFAULTLIB:library
  Generating code
  Previous IPDB not found, fall back to full compilation.
  All 230 functions were compiled because no usable IPDB/IOBJ from previous compilation was found.
  Finished generating code
glew32s.lib(glew.obj) : warning LNK4099: PDB 'vc120.pdb' was not found with 'glew32s.lib(glew.obj)' or at 'C:\Users\nianl\OneDrive\Documenten\.windesheim\ComputerGrafics\opengl\MyfirstOpenGL\FirstProject\Release\vc120.pdb'; linking object as if no debug info
  FirstProject.vcxproj -> C:\Users\nianl\OneDrive\Documenten\.windesheim\ComputerGrafics\opengl\MyfirstOpenGL\FirstProject\Release\FirstProject.exe
